{"level":"info","ts":"2024-11-12T17:01:33.264+0800","caller":"gb28181/service.go:240","msg":"已发送保活消息"}
{"level":"info","ts":"2024-11-12T17:01:42.082+0800","caller":"GB28181_SIP/main.go:9","msg":"Starting application..."}
{"level":"info","ts":"2024-11-12T17:01:42.083+0800","caller":"gb28181/service.go:252","msg":"模拟 NVR 设备启动..."}
{"level":"info","ts":"2024-11-12T17:01:42.084+0800","caller":"gb28181/service.go:130","msg":"已发送注册消息至 100.100.150.220:5060"}
{"level":"info","ts":"2024-11-12T17:01:42.089+0800","caller":"gb28181/service.go:144","msg":"成功注册到服务器，收到200 OK响应"}
{"level":"info","ts":"2024-11-12T17:02:12.091+0800","caller":"gb28181/service.go:240","msg":"已发送保活消息"}
{"level":"info","ts":"2024-11-12T17:02:42.091+0800","caller":"gb28181/service.go:240","msg":"已发送保活消息"}
{"level":"info","ts":"2024-11-12T17:03:12.091+0800","caller":"gb28181/service.go:240","msg":"已发送保活消息"}
{"level":"info","ts":"2024-11-12T17:03:42.091+0800","caller":"gb28181/service.go:240","msg":"已发送保活消息"}
{"level":"info","ts":"2024-11-12T17:04:12.094+0800","caller":"gb28181/service.go:240","msg":"已发送保活消息"}
{"level":"info","ts":"2024-11-12T17:04:42.094+0800","caller":"gb28181/service.go:240","msg":"已发送保活消息"}
{"level":"info","ts":"2024-11-12T17:05:12.092+0800","caller":"gb28181/service.go:240","msg":"已发送保活消息"}
{"level":"info","ts":"2024-11-12T17:05:42.091+0800","caller":"gb28181/service.go:240","msg":"已发送保活消息"}
{"level":"info","ts":"2024-11-12T17:06:12.099+0800","caller":"gb28181/service.go:240","msg":"已发送保活消息"}
{"level":"info","ts":"2024-11-12T17:06:42.092+0800","caller":"gb28181/service.go:240","msg":"已发送保活消息"}
{"level":"info","ts":"2024-11-12T17:07:12.093+0800","caller":"gb28181/service.go:240","msg":"已发送保活消息"}
{"level":"info","ts":"2024-11-12T17:07:42.093+0800","caller":"gb28181/service.go:240","msg":"已发送保活消息"}
{"level":"info","ts":"2024-11-12T17:08:12.093+0800","caller":"gb28181/service.go:240","msg":"已发送保活消息"}
{"level":"info","ts":"2024-11-12T17:08:42.093+0800","caller":"gb28181/service.go:240","msg":"已发送保活消息"}
{"level":"info","ts":"2024-11-12T17:09:12.091+0800","caller":"gb28181/service.go:240","msg":"已发送保活消息"}
{"level":"info","ts":"2024-11-12T17:09:42.090+0800","caller":"gb28181/service.go:240","msg":"已发送保活消息"}
{"level":"info","ts":"2024-11-12T17:10:12.089+0800","caller":"gb28181/service.go:240","msg":"已发送保活消息"}
{"level":"info","ts":"2024-11-12T17:10:42.090+0800","caller":"gb28181/service.go:240","msg":"已发送保活消息"}
{"level":"info","ts":"2024-11-12T17:11:12.091+0800","caller":"gb28181/service.go:240","msg":"已发送保活消息"}
{"level":"info","ts":"2024-11-12T17:11:42.091+0800","caller":"gb28181/service.go:240","msg":"已发送保活消息"}
{"level":"info","ts":"2024-11-12T17:12:12.091+0800","caller":"gb28181/service.go:240","msg":"已发送保活消息"}
{"level":"info","ts":"2024-11-12T17:12:42.090+0800","caller":"gb28181/service.go:240","msg":"已发送保活消息"}
{"level":"info","ts":"2024-11-12T17:13:12.092+0800","caller":"gb28181/service.go:240","msg":"已发送保活消息"}
{"level":"info","ts":"2024-11-12T17:13:42.092+0800","caller":"gb28181/service.go:240","msg":"已发送保活消息"}
{"level":"info","ts":"2024-11-12T17:14:12.091+0800","caller":"gb28181/service.go:240","msg":"已发送保活消息"}
{"level":"info","ts":"2024-11-12T17:14:42.091+0800","caller":"gb28181/service.go:240","msg":"已发送保活消息"}
{"level":"info","ts":"2024-11-12T17:15:12.091+0800","caller":"gb28181/service.go:240","msg":"已发送保活消息"}
{"level":"info","ts":"2024-11-12T17:15:42.092+0800","caller":"gb28181/service.go:240","msg":"已发送保活消息"}
{"level":"info","ts":"2024-11-12T17:16:12.093+0800","caller":"gb28181/service.go:240","msg":"已发送保活消息"}
{"level":"info","ts":"2024-11-12T17:16:42.092+0800","caller":"gb28181/service.go:240","msg":"已发送保活消息"}
{"level":"info","ts":"2024-11-12T17:17:12.095+0800","caller":"gb28181/service.go:240","msg":"已发送保活消息"}
{"level":"info","ts":"2024-11-12T17:17:42.093+0800","caller":"gb28181/service.go:240","msg":"已发送保活消息"}
{"level":"info","ts":"2024-11-12T17:18:12.093+0800","caller":"gb28181/service.go:240","msg":"已发送保活消息"}
{"level":"info","ts":"2024-11-12T17:18:42.095+0800","caller":"gb28181/service.go:240","msg":"已发送保活消息"}
{"level":"info","ts":"2024-11-12T17:19:12.094+0800","caller":"gb28181/service.go:240","msg":"已发送保活消息"}
{"level":"info","ts":"2024-11-12T17:19:42.094+0800","caller":"gb28181/service.go:240","msg":"已发送保活消息"}
{"level":"info","ts":"2024-11-12T17:20:12.094+0800","caller":"gb28181/service.go:240","msg":"已发送保活消息"}
{"level":"info","ts":"2024-11-12T17:20:42.094+0800","caller":"gb28181/service.go:240","msg":"已发送保活消息"}
{"level":"info","ts":"2024-11-12T17:21:12.095+0800","caller":"gb28181/service.go:240","msg":"已发送保活消息"}
{"level":"info","ts":"2024-11-12T17:21:42.094+0800","caller":"gb28181/service.go:240","msg":"已发送保活消息"}
{"level":"info","ts":"2024-11-12T17:22:12.095+0800","caller":"gb28181/service.go:240","msg":"已发送保活消息"}
{"level":"info","ts":"2024-11-12T17:22:42.095+0800","caller":"gb28181/service.go:240","msg":"已发送保活消息"}
{"level":"info","ts":"2024-11-12T17:23:12.095+0800","caller":"gb28181/service.go:240","msg":"已发送保活消息"}
{"level":"info","ts":"2024-11-12T17:23:42.095+0800","caller":"gb28181/service.go:240","msg":"已发送保活消息"}
{"level":"info","ts":"2024-11-12T17:24:12.107+0800","caller":"gb28181/service.go:240","msg":"已发送保活消息"}
{"level":"info","ts":"2024-11-12T17:24:42.118+0800","caller":"gb28181/service.go:240","msg":"已发送保活消息"}
{"level":"info","ts":"2024-11-12T17:25:12.117+0800","caller":"gb28181/service.go:240","msg":"已发送保活消息"}
{"level":"info","ts":"2024-11-12T17:25:42.119+0800","caller":"gb28181/service.go:240","msg":"已发送保活消息"}
{"level":"info","ts":"2024-11-12T17:26:12.119+0800","caller":"gb28181/service.go:240","msg":"已发送保活消息"}
{"level":"info","ts":"2024-11-12T17:26:42.121+0800","caller":"gb28181/service.go:240","msg":"已发送保活消息"}
{"level":"info","ts":"2024-11-12T17:27:12.119+0800","caller":"gb28181/service.go:240","msg":"已发送保活消息"}
{"level":"info","ts":"2024-11-12T17:27:42.120+0800","caller":"gb28181/service.go:240","msg":"已发送保活消息"}
{"level":"info","ts":"2024-11-12T17:28:12.120+0800","caller":"gb28181/service.go:240","msg":"已发送保活消息"}
{"level":"info","ts":"2024-11-12T17:28:42.120+0800","caller":"gb28181/service.go:240","msg":"已发送保活消息"}
{"level":"info","ts":"2024-11-12T17:29:12.121+0800","caller":"gb28181/service.go:240","msg":"已发送保活消息"}
{"level":"info","ts":"2024-11-12T17:29:42.121+0800","caller":"gb28181/service.go:240","msg":"已发送保活消息"}
{"level":"info","ts":"2024-11-12T17:30:12.121+0800","caller":"gb28181/service.go:240","msg":"已发送保活消息"}
{"level":"info","ts":"2024-11-12T17:30:42.121+0800","caller":"gb28181/service.go:240","msg":"已发送保活消息"}
{"level":"info","ts":"2024-11-12T17:31:12.122+0800","caller":"gb28181/service.go:240","msg":"已发送保活消息"}
{"level":"info","ts":"2024-11-12T17:31:42.122+0800","caller":"gb28181/service.go:240","msg":"已发送保活消息"}
{"level":"info","ts":"2024-11-12T17:32:12.122+0800","caller":"gb28181/service.go:240","msg":"已发送保活消息"}
{"level":"info","ts":"2024-11-12T17:32:42.123+0800","caller":"gb28181/service.go:240","msg":"已发送保活消息"}
{"level":"info","ts":"2024-11-12T17:33:12.123+0800","caller":"gb28181/service.go:240","msg":"已发送保活消息"}
{"level":"info","ts":"2024-11-12T17:33:42.124+0800","caller":"gb28181/service.go:240","msg":"已发送保活消息"}
{"level":"info","ts":"2024-11-12T17:34:12.126+0800","caller":"gb28181/service.go:240","msg":"已发送保活消息"}
{"level":"info","ts":"2024-11-12T17:34:42.125+0800","caller":"gb28181/service.go:240","msg":"已发送保活消息"}
{"level":"info","ts":"2024-11-12T17:35:12.125+0800","caller":"gb28181/service.go:240","msg":"已发送保活消息"}
{"level":"info","ts":"2024-11-12T17:35:42.125+0800","caller":"gb28181/service.go:240","msg":"已发送保活消息"}
{"level":"info","ts":"2024-11-12T17:36:12.125+0800","caller":"gb28181/service.go:240","msg":"已发送保活消息"}
{"level":"info","ts":"2024-11-12T17:36:42.126+0800","caller":"gb28181/service.go:240","msg":"已发送保活消息"}
{"level":"info","ts":"2024-11-12T17:37:12.126+0800","caller":"gb28181/service.go:240","msg":"已发送保活消息"}
{"level":"info","ts":"2024-11-12T17:37:42.127+0800","caller":"gb28181/service.go:240","msg":"已发送保活消息"}
{"level":"info","ts":"2024-11-12T17:38:12.127+0800","caller":"gb28181/service.go:240","msg":"已发送保活消息"}
{"level":"info","ts":"2024-11-12T17:38:42.128+0800","caller":"gb28181/service.go:240","msg":"已发送保活消息"}
{"level":"info","ts":"2024-11-12T17:39:12.127+0800","caller":"gb28181/service.go:240","msg":"已发送保活消息"}
{"level":"info","ts":"2024-11-12T17:39:42.099+0800","caller":"gb28181/service.go:240","msg":"已发送保活消息"}
{"level":"info","ts":"2024-11-12T17:40:12.091+0800","caller":"gb28181/service.go:240","msg":"已发送保活消息"}
{"level":"info","ts":"2024-11-12T17:40:42.089+0800","caller":"gb28181/service.go:240","msg":"已发送保活消息"}
{"level":"info","ts":"2024-11-12T17:41:12.090+0800","caller":"gb28181/service.go:240","msg":"已发送保活消息"}
{"level":"info","ts":"2024-11-12T17:41:42.093+0800","caller":"gb28181/service.go:240","msg":"已发送保活消息"}
{"level":"info","ts":"2024-11-12T17:42:12.091+0800","caller":"gb28181/service.go:240","msg":"已发送保活消息"}
{"level":"info","ts":"2024-11-12T17:42:42.090+0800","caller":"gb28181/service.go:240","msg":"已发送保活消息"}
{"level":"info","ts":"2024-11-12T17:43:12.091+0800","caller":"gb28181/service.go:240","msg":"已发送保活消息"}
{"level":"info","ts":"2024-11-12T17:43:42.092+0800","caller":"gb28181/service.go:240","msg":"已发送保活消息"}
{"level":"info","ts":"2024-11-12T17:44:12.090+0800","caller":"gb28181/service.go:240","msg":"已发送保活消息"}
{"level":"info","ts":"2024-11-12T17:44:42.091+0800","caller":"gb28181/service.go:240","msg":"已发送保活消息"}
{"level":"info","ts":"2024-11-12T17:45:12.091+0800","caller":"gb28181/service.go:240","msg":"已发送保活消息"}
{"level":"info","ts":"2024-11-12T17:45:42.092+0800","caller":"gb28181/service.go:240","msg":"已发送保活消息"}
{"level":"info","ts":"2024-11-12T17:46:12.090+0800","caller":"gb28181/service.go:240","msg":"已发送保活消息"}
{"level":"info","ts":"2024-11-12T17:46:42.092+0800","caller":"gb28181/service.go:240","msg":"已发送保活消息"}
{"level":"info","ts":"2024-11-12T17:47:12.090+0800","caller":"gb28181/service.go:240","msg":"已发送保活消息"}
{"level":"info","ts":"2024-11-12T17:47:42.092+0800","caller":"gb28181/service.go:240","msg":"已发送保活消息"}
{"level":"info","ts":"2024-11-12T17:48:12.091+0800","caller":"gb28181/service.go:240","msg":"已发送保活消息"}
{"level":"info","ts":"2024-11-12T17:48:42.092+0800","caller":"gb28181/service.go:240","msg":"已发送保活消息"}
{"level":"info","ts":"2024-11-12T17:49:12.092+0800","caller":"gb28181/service.go:240","msg":"已发送保活消息"}
{"level":"info","ts":"2024-11-12T17:49:42.092+0800","caller":"gb28181/service.go:240","msg":"已发送保活消息"}
{"level":"info","ts":"2024-11-12T17:50:12.092+0800","caller":"gb28181/service.go:240","msg":"已发送保活消息"}
{"level":"info","ts":"2024-11-12T17:50:42.092+0800","caller":"gb28181/service.go:240","msg":"已发送保活消息"}
{"level":"info","ts":"2024-11-12T17:51:12.091+0800","caller":"gb28181/service.go:240","msg":"已发送保活消息"}
{"level":"info","ts":"2024-11-12T17:51:42.091+0800","caller":"gb28181/service.go:240","msg":"已发送保活消息"}
{"level":"info","ts":"2024-11-12T17:52:12.092+0800","caller":"gb28181/service.go:240","msg":"已发送保活消息"}
{"level":"info","ts":"2024-11-12T17:52:42.092+0800","caller":"gb28181/service.go:240","msg":"已发送保活消息"}
{"level":"info","ts":"2024-11-12T17:53:12.091+0800","caller":"gb28181/service.go:240","msg":"已发送保活消息"}
{"level":"info","ts":"2024-11-12T17:53:42.092+0800","caller":"gb28181/service.go:240","msg":"已发送保活消息"}
{"level":"info","ts":"2024-11-12T17:54:12.093+0800","caller":"gb28181/service.go:240","msg":"已发送保活消息"}
{"level":"info","ts":"2024-11-12T17:54:42.094+0800","caller":"gb28181/service.go:240","msg":"已发送保活消息"}
{"level":"info","ts":"2024-11-12T17:55:12.094+0800","caller":"gb28181/service.go:240","msg":"已发送保活消息"}
{"level":"info","ts":"2024-11-12T17:55:42.096+0800","caller":"gb28181/service.go:240","msg":"已发送保活消息"}
{"level":"info","ts":"2024-11-12T17:56:12.095+0800","caller":"gb28181/service.go:240","msg":"已发送保活消息"}
{"level":"info","ts":"2024-11-12T17:56:42.095+0800","caller":"gb28181/service.go:240","msg":"已发送保活消息"}
{"level":"info","ts":"2024-11-12T17:57:12.096+0800","caller":"gb28181/service.go:240","msg":"已发送保活消息"}
{"level":"info","ts":"2024-11-12T17:57:42.095+0800","caller":"gb28181/service.go:240","msg":"已发送保活消息"}
{"level":"info","ts":"2024-11-12T17:58:12.095+0800","caller":"gb28181/service.go:240","msg":"已发送保活消息"}
{"level":"info","ts":"2024-11-12T17:58:42.095+0800","caller":"gb28181/service.go:240","msg":"已发送保活消息"}
{"level":"info","ts":"2024-11-12T17:59:12.095+0800","caller":"gb28181/service.go:240","msg":"已发送保活消息"}
{"level":"info","ts":"2024-11-12T17:59:42.095+0800","caller":"gb28181/service.go:240","msg":"已发送保活消息"}
{"level":"info","ts":"2024-11-12T18:00:12.096+0800","caller":"gb28181/service.go:240","msg":"已发送保活消息"}
{"level":"info","ts":"2024-11-12T18:00:42.095+0800","caller":"gb28181/service.go:240","msg":"已发送保活消息"}
{"level":"info","ts":"2024-11-12T18:01:12.096+0800","caller":"gb28181/service.go:240","msg":"已发送保活消息"}
{"level":"info","ts":"2024-11-12T18:01:42.096+0800","caller":"gb28181/service.go:240","msg":"已发送保活消息"}
{"level":"info","ts":"2024-11-12T18:02:12.095+0800","caller":"gb28181/service.go:240","msg":"已发送保活消息"}
{"level":"info","ts":"2024-11-12T18:02:42.096+0800","caller":"gb28181/service.go:240","msg":"已发送保活消息"}
{"level":"info","ts":"2024-11-12T18:03:12.096+0800","caller":"gb28181/service.go:240","msg":"已发送保活消息"}
{"level":"info","ts":"2024-11-12T18:03:42.096+0800","caller":"gb28181/service.go:240","msg":"已发送保活消息"}
{"level":"info","ts":"2024-11-12T18:04:12.095+0800","caller":"gb28181/service.go:240","msg":"已发送保活消息"}
{"level":"info","ts":"2024-11-12T18:04:42.097+0800","caller":"gb28181/service.go:240","msg":"已发送保活消息"}
{"level":"info","ts":"2024-11-12T18:05:12.097+0800","caller":"gb28181/service.go:240","msg":"已发送保活消息"}
{"level":"info","ts":"2024-11-12T18:05:42.096+0800","caller":"gb28181/service.go:240","msg":"已发送保活消息"}
{"level":"info","ts":"2024-11-12T18:06:12.095+0800","caller":"gb28181/service.go:240","msg":"已发送保活消息"}
{"level":"info","ts":"2024-11-12T18:06:42.095+0800","caller":"gb28181/service.go:240","msg":"已发送保活消息"}
{"level":"info","ts":"2024-11-12T18:07:12.097+0800","caller":"gb28181/service.go:240","msg":"已发送保活消息"}
{"level":"info","ts":"2024-11-12T18:07:42.097+0800","caller":"gb28181/service.go:240","msg":"已发送保活消息"}
{"level":"info","ts":"2024-11-12T18:08:12.097+0800","caller":"gb28181/service.go:240","msg":"已发送保活消息"}
{"level":"info","ts":"2024-11-12T18:08:42.096+0800","caller":"gb28181/service.go:240","msg":"已发送保活消息"}
{"level":"info","ts":"2024-11-12T18:09:12.097+0800","caller":"gb28181/service.go:240","msg":"已发送保活消息"}
{"level":"info","ts":"2024-11-12T18:09:42.098+0800","caller":"gb28181/service.go:240","msg":"已发送保活消息"}
{"level":"info","ts":"2024-11-12T18:10:12.076+0800","caller":"gb28181/service.go:240","msg":"已发送保活消息"}
{"level":"info","ts":"2024-11-12T18:10:42.072+0800","caller":"gb28181/service.go:240","msg":"已发送保活消息"}
{"level":"info","ts":"2024-11-12T18:11:12.072+0800","caller":"gb28181/service.go:240","msg":"已发送保活消息"}
{"level":"info","ts":"2024-11-12T18:11:42.072+0800","caller":"gb28181/service.go:240","msg":"已发送保活消息"}
{"level":"info","ts":"2024-11-12T18:12:12.072+0800","caller":"gb28181/service.go:240","msg":"已发送保活消息"}
{"level":"info","ts":"2024-11-12T18:12:42.071+0800","caller":"gb28181/service.go:240","msg":"已发送保活消息"}
{"level":"info","ts":"2024-11-12T18:13:12.071+0800","caller":"gb28181/service.go:240","msg":"已发送保活消息"}
{"level":"info","ts":"2024-11-12T18:13:42.070+0800","caller":"gb28181/service.go:240","msg":"已发送保活消息"}
{"level":"info","ts":"2024-11-12T18:14:12.072+0800","caller":"gb28181/service.go:240","msg":"已发送保活消息"}
{"level":"info","ts":"2024-11-12T18:14:42.072+0800","caller":"gb28181/service.go:240","msg":"已发送保活消息"}
{"level":"info","ts":"2024-11-12T18:15:12.071+0800","caller":"gb28181/service.go:240","msg":"已发送保活消息"}
{"level":"info","ts":"2024-11-12T18:15:42.072+0800","caller":"gb28181/service.go:240","msg":"已发送保活消息"}
{"level":"info","ts":"2024-11-12T18:16:12.070+0800","caller":"gb28181/service.go:240","msg":"已发送保活消息"}
{"level":"info","ts":"2024-11-12T18:16:42.071+0800","caller":"gb28181/service.go:240","msg":"已发送保活消息"}
{"level":"info","ts":"2024-11-12T18:17:12.071+0800","caller":"gb28181/service.go:240","msg":"已发送保活消息"}
{"level":"info","ts":"2024-11-12T18:17:42.070+0800","caller":"gb28181/service.go:240","msg":"已发送保活消息"}
{"level":"info","ts":"2024-11-12T18:18:12.071+0800","caller":"gb28181/service.go:240","msg":"已发送保活消息"}
{"level":"info","ts":"2024-11-12T18:18:42.072+0800","caller":"gb28181/service.go:240","msg":"已发送保活消息"}
{"level":"info","ts":"2024-11-12T18:19:12.070+0800","caller":"gb28181/service.go:240","msg":"已发送保活消息"}
{"level":"info","ts":"2024-11-12T18:19:42.071+0800","caller":"gb28181/service.go:240","msg":"已发送保活消息"}
{"level":"info","ts":"2024-11-12T18:20:12.070+0800","caller":"gb28181/service.go:240","msg":"已发送保活消息"}
{"level":"info","ts":"2024-11-12T18:20:42.070+0800","caller":"gb28181/service.go:240","msg":"已发送保活消息"}
{"level":"info","ts":"2024-11-12T18:21:12.070+0800","caller":"gb28181/service.go:240","msg":"已发送保活消息"}
{"level":"info","ts":"2024-11-12T18:21:42.069+0800","caller":"gb28181/service.go:240","msg":"已发送保活消息"}
{"level":"info","ts":"2024-11-12T18:22:12.070+0800","caller":"gb28181/service.go:240","msg":"已发送保活消息"}
{"level":"info","ts":"2024-11-12T18:22:42.070+0800","caller":"gb28181/service.go:240","msg":"已发送保活消息"}
{"level":"info","ts":"2024-11-12T18:23:12.069+0800","caller":"gb28181/service.go:240","msg":"已发送保活消息"}
{"level":"info","ts":"2024-11-12T18:23:42.070+0800","caller":"gb28181/service.go:240","msg":"已发送保活消息"}
{"level":"info","ts":"2024-11-12T18:24:12.071+0800","caller":"gb28181/service.go:240","msg":"已发送保活消息"}
{"level":"info","ts":"2024-11-12T18:24:42.070+0800","caller":"gb28181/service.go:240","msg":"已发送保活消息"}
{"level":"info","ts":"2024-11-12T18:25:12.097+0800","caller":"gb28181/service.go:240","msg":"已发送保活消息"}
{"level":"info","ts":"2024-11-12T18:25:42.103+0800","caller":"gb28181/service.go:240","msg":"已发送保活消息"}
{"level":"info","ts":"2024-11-12T18:26:12.104+0800","caller":"gb28181/service.go:240","msg":"已发送保活消息"}
{"level":"info","ts":"2024-11-12T18:26:42.104+0800","caller":"gb28181/service.go:240","msg":"已发送保活消息"}
{"level":"info","ts":"2024-11-12T18:27:12.104+0800","caller":"gb28181/service.go:240","msg":"已发送保活消息"}
{"level":"info","ts":"2024-11-12T18:27:42.106+0800","caller":"gb28181/service.go:240","msg":"已发送保活消息"}
{"level":"info","ts":"2024-11-12T18:28:12.104+0800","caller":"gb28181/service.go:240","msg":"已发送保活消息"}
{"level":"info","ts":"2024-11-12T18:28:42.103+0800","caller":"gb28181/service.go:240","msg":"已发送保活消息"}
{"level":"info","ts":"2024-11-12T18:29:12.105+0800","caller":"gb28181/service.go:240","msg":"已发送保活消息"}
{"level":"info","ts":"2024-11-12T18:29:42.104+0800","caller":"gb28181/service.go:240","msg":"已发送保活消息"}
{"level":"info","ts":"2024-11-12T18:30:12.105+0800","caller":"gb28181/service.go:240","msg":"已发送保活消息"}
{"level":"info","ts":"2024-11-12T18:30:42.104+0800","caller":"gb28181/service.go:240","msg":"已发送保活消息"}
{"level":"info","ts":"2024-11-12T18:31:12.106+0800","caller":"gb28181/service.go:240","msg":"已发送保活消息"}
{"level":"info","ts":"2024-11-12T18:31:42.105+0800","caller":"gb28181/service.go:240","msg":"已发送保活消息"}
{"level":"info","ts":"2024-11-12T18:32:12.105+0800","caller":"gb28181/service.go:240","msg":"已发送保活消息"}
{"level":"info","ts":"2024-11-12T18:32:42.105+0800","caller":"gb28181/service.go:240","msg":"已发送保活消息"}
{"level":"info","ts":"2024-11-12T18:33:12.106+0800","caller":"gb28181/service.go:240","msg":"已发送保活消息"}
{"level":"info","ts":"2024-11-12T18:33:42.105+0800","caller":"gb28181/service.go:240","msg":"已发送保活消息"}
{"level":"info","ts":"2024-11-12T18:34:12.106+0800","caller":"gb28181/service.go:240","msg":"已发送保活消息"}
{"level":"info","ts":"2024-11-12T18:34:42.107+0800","caller":"gb28181/service.go:240","msg":"已发送保活消息"}
{"level":"info","ts":"2024-11-12T18:35:12.107+0800","caller":"gb28181/service.go:240","msg":"已发送保活消息"}
{"level":"info","ts":"2024-11-12T18:35:42.107+0800","caller":"gb28181/service.go:240","msg":"已发送保活消息"}
{"level":"info","ts":"2024-11-12T18:36:12.106+0800","caller":"gb28181/service.go:240","msg":"已发送保活消息"}
{"level":"info","ts":"2024-11-12T18:36:42.106+0800","caller":"gb28181/service.go:240","msg":"已发送保活消息"}
{"level":"info","ts":"2024-11-12T18:37:12.107+0800","caller":"gb28181/service.go:240","msg":"已发送保活消息"}
{"level":"info","ts":"2024-11-12T18:37:42.107+0800","caller":"gb28181/service.go:240","msg":"已发送保活消息"}
{"level":"info","ts":"2024-11-12T18:38:12.108+0800","caller":"gb28181/service.go:240","msg":"已发送保活消息"}
{"level":"info","ts":"2024-11-12T18:38:42.108+0800","caller":"gb28181/service.go:240","msg":"已发送保活消息"}
{"level":"info","ts":"2024-11-12T18:39:12.107+0800","caller":"gb28181/service.go:240","msg":"已发送保活消息"}
{"level":"info","ts":"2024-11-12T18:39:42.106+0800","caller":"gb28181/service.go:240","msg":"已发送保活消息"}
{"level":"info","ts":"2024-11-12T18:40:12.108+0800","caller":"gb28181/service.go:240","msg":"已发送保活消息"}
{"level":"info","ts":"2024-11-12T18:40:42.119+0800","caller":"gb28181/service.go:240","msg":"已发送保活消息"}
{"level":"info","ts":"2024-11-12T18:41:12.130+0800","caller":"gb28181/service.go:240","msg":"已发送保活消息"}
{"level":"info","ts":"2024-11-12T18:41:42.130+0800","caller":"gb28181/service.go:240","msg":"已发送保活消息"}
{"level":"info","ts":"2024-11-12T18:42:12.132+0800","caller":"gb28181/service.go:240","msg":"已发送保活消息"}
{"level":"info","ts":"2024-11-12T18:42:42.132+0800","caller":"gb28181/service.go:240","msg":"已发送保活消息"}
{"level":"info","ts":"2024-11-12T18:43:12.131+0800","caller":"gb28181/service.go:240","msg":"已发送保活消息"}
{"level":"info","ts":"2024-11-12T18:43:42.137+0800","caller":"gb28181/service.go:240","msg":"已发送保活消息"}
{"level":"info","ts":"2024-11-12T18:44:12.133+0800","caller":"gb28181/service.go:240","msg":"已发送保活消息"}
{"level":"info","ts":"2024-11-12T18:44:42.134+0800","caller":"gb28181/service.go:240","msg":"已发送保活消息"}
{"level":"info","ts":"2024-11-12T18:45:12.132+0800","caller":"gb28181/service.go:240","msg":"已发送保活消息"}
{"level":"info","ts":"2024-11-12T18:45:42.132+0800","caller":"gb28181/service.go:240","msg":"已发送保活消息"}
{"level":"info","ts":"2024-11-12T18:46:12.134+0800","caller":"gb28181/service.go:240","msg":"已发送保活消息"}
{"level":"info","ts":"2024-11-12T18:46:42.134+0800","caller":"gb28181/service.go:240","msg":"已发送保活消息"}
{"level":"info","ts":"2024-11-12T18:47:12.134+0800","caller":"gb28181/service.go:240","msg":"已发送保活消息"}
{"level":"info","ts":"2024-11-12T18:47:42.135+0800","caller":"gb28181/service.go:240","msg":"已发送保活消息"}
{"level":"info","ts":"2024-11-12T18:48:12.134+0800","caller":"gb28181/service.go:240","msg":"已发送保活消息"}
{"level":"info","ts":"2024-11-12T18:48:42.135+0800","caller":"gb28181/service.go:240","msg":"已发送保活消息"}
{"level":"info","ts":"2024-11-12T18:49:12.135+0800","caller":"gb28181/service.go:240","msg":"已发送保活消息"}
{"level":"info","ts":"2024-11-12T18:49:42.136+0800","caller":"gb28181/service.go:240","msg":"已发送保活消息"}
{"level":"info","ts":"2024-11-12T18:50:12.135+0800","caller":"gb28181/service.go:240","msg":"已发送保活消息"}
{"level":"info","ts":"2024-11-12T18:50:42.136+0800","caller":"gb28181/service.go:240","msg":"已发送保活消息"}
{"level":"info","ts":"2024-11-12T18:51:12.137+0800","caller":"gb28181/service.go:240","msg":"已发送保活消息"}
{"level":"info","ts":"2024-11-12T18:51:42.137+0800","caller":"gb28181/service.go:240","msg":"已发送保活消息"}
{"level":"info","ts":"2024-11-12T18:52:12.136+0800","caller":"gb28181/service.go:240","msg":"已发送保活消息"}
{"level":"info","ts":"2024-11-12T18:52:42.138+0800","caller":"gb28181/service.go:240","msg":"已发送保活消息"}
{"level":"info","ts":"2024-11-12T18:53:12.138+0800","caller":"gb28181/service.go:240","msg":"已发送保活消息"}
{"level":"info","ts":"2024-11-12T18:53:42.138+0800","caller":"gb28181/service.go:240","msg":"已发送保活消息"}
{"level":"info","ts":"2024-11-12T18:54:12.139+0800","caller":"gb28181/service.go:240","msg":"已发送保活消息"}
{"level":"info","ts":"2024-11-12T18:54:42.138+0800","caller":"gb28181/service.go:240","msg":"已发送保活消息"}
{"level":"info","ts":"2024-11-12T18:55:12.139+0800","caller":"gb28181/service.go:240","msg":"已发送保活消息"}
{"level":"info","ts":"2024-11-12T18:55:42.139+0800","caller":"gb28181/service.go:240","msg":"已发送保活消息"}
{"level":"info","ts":"2024-11-12T18:56:12.150+0800","caller":"gb28181/service.go:240","msg":"已发送保活消息"}
{"level":"info","ts":"2024-11-12T18:56:42.153+0800","caller":"gb28181/service.go:240","msg":"已发送保活消息"}
{"level":"info","ts":"2024-11-12T18:57:12.152+0800","caller":"gb28181/service.go:240","msg":"已发送保活消息"}
{"level":"info","ts":"2024-11-12T18:57:42.154+0800","caller":"gb28181/service.go:240","msg":"已发送保活消息"}
{"level":"info","ts":"2024-11-12T18:58:12.154+0800","caller":"gb28181/service.go:240","msg":"已发送保活消息"}
{"level":"info","ts":"2024-11-12T18:58:42.154+0800","caller":"gb28181/service.go:240","msg":"已发送保活消息"}
{"level":"info","ts":"2024-11-12T18:59:12.155+0800","caller":"gb28181/service.go:240","msg":"已发送保活消息"}
{"level":"info","ts":"2024-11-12T18:59:42.154+0800","caller":"gb28181/service.go:240","msg":"已发送保活消息"}
{"level":"info","ts":"2024-11-12T19:00:12.155+0800","caller":"gb28181/service.go:240","msg":"已发送保活消息"}
{"level":"info","ts":"2024-11-12T19:00:42.156+0800","caller":"gb28181/service.go:240","msg":"已发送保活消息"}
{"level":"info","ts":"2024-11-12T19:01:12.156+0800","caller":"gb28181/service.go:240","msg":"已发送保活消息"}
{"level":"info","ts":"2024-11-12T19:01:42.157+0800","caller":"gb28181/service.go:240","msg":"已发送保活消息"}
{"level":"info","ts":"2024-11-12T19:02:12.156+0800","caller":"gb28181/service.go:240","msg":"已发送保活消息"}
{"level":"info","ts":"2024-11-12T19:02:42.157+0800","caller":"gb28181/service.go:240","msg":"已发送保活消息"}
{"level":"info","ts":"2024-11-12T19:03:12.156+0800","caller":"gb28181/service.go:240","msg":"已发送保活消息"}
{"level":"info","ts":"2024-11-12T19:03:42.158+0800","caller":"gb28181/service.go:240","msg":"已发送保活消息"}
{"level":"info","ts":"2024-11-12T19:04:12.158+0800","caller":"gb28181/service.go:240","msg":"已发送保活消息"}
{"level":"info","ts":"2024-11-12T19:04:42.159+0800","caller":"gb28181/service.go:240","msg":"已发送保活消息"}
{"level":"info","ts":"2024-11-12T19:05:12.158+0800","caller":"gb28181/service.go:240","msg":"已发送保活消息"}
{"level":"info","ts":"2024-11-12T19:05:42.160+0800","caller":"gb28181/service.go:240","msg":"已发送保活消息"}
{"level":"info","ts":"2024-11-12T19:06:12.159+0800","caller":"gb28181/service.go:240","msg":"已发送保活消息"}
{"level":"info","ts":"2024-11-12T19:06:42.160+0800","caller":"gb28181/service.go:240","msg":"已发送保活消息"}
{"level":"info","ts":"2024-11-12T19:07:12.160+0800","caller":"gb28181/service.go:240","msg":"已发送保活消息"}
{"level":"info","ts":"2024-11-12T19:07:42.161+0800","caller":"gb28181/service.go:240","msg":"已发送保活消息"}
{"level":"info","ts":"2024-11-12T19:08:12.159+0800","caller":"gb28181/service.go:240","msg":"已发送保活消息"}
{"level":"info","ts":"2024-11-12T19:08:42.162+0800","caller":"gb28181/service.go:240","msg":"已发送保活消息"}
{"level":"info","ts":"2024-11-12T19:09:12.161+0800","caller":"gb28181/service.go:240","msg":"已发送保活消息"}
{"level":"info","ts":"2024-11-12T19:09:42.161+0800","caller":"gb28181/service.go:240","msg":"已发送保活消息"}
{"level":"info","ts":"2024-11-12T19:10:12.162+0800","caller":"gb28181/service.go:240","msg":"已发送保活消息"}
{"level":"info","ts":"2024-11-12T19:10:42.162+0800","caller":"gb28181/service.go:240","msg":"已发送保活消息"}
{"level":"info","ts":"2024-11-12T19:11:12.151+0800","caller":"gb28181/service.go:240","msg":"已发送保活消息"}
{"level":"info","ts":"2024-11-12T19:11:42.147+0800","caller":"gb28181/service.go:240","msg":"已发送保活消息"}
{"level":"info","ts":"2024-11-12T19:12:12.148+0800","caller":"gb28181/service.go:240","msg":"已发送保活消息"}
{"level":"info","ts":"2024-11-12T19:12:42.148+0800","caller":"gb28181/service.go:240","msg":"已发送保活消息"}
{"level":"info","ts":"2024-11-12T19:13:12.148+0800","caller":"gb28181/service.go:240","msg":"已发送保活消息"}
{"level":"info","ts":"2024-11-12T19:13:42.149+0800","caller":"gb28181/service.go:240","msg":"已发送保活消息"}
{"level":"info","ts":"2024-11-12T19:14:12.150+0800","caller":"gb28181/service.go:240","msg":"已发送保活消息"}
{"level":"info","ts":"2024-11-12T19:14:42.149+0800","caller":"gb28181/service.go:240","msg":"已发送保活消息"}
{"level":"info","ts":"2024-11-12T19:15:12.150+0800","caller":"gb28181/service.go:240","msg":"已发送保活消息"}
{"level":"info","ts":"2024-11-12T19:15:42.150+0800","caller":"gb28181/service.go:240","msg":"已发送保活消息"}
{"level":"info","ts":"2024-11-12T19:16:12.150+0800","caller":"gb28181/service.go:240","msg":"已发送保活消息"}
{"level":"info","ts":"2024-11-12T19:16:42.149+0800","caller":"gb28181/service.go:240","msg":"已发送保活消息"}
{"level":"info","ts":"2024-11-12T19:17:12.151+0800","caller":"gb28181/service.go:240","msg":"已发送保活消息"}
{"level":"info","ts":"2024-11-12T19:17:42.150+0800","caller":"gb28181/service.go:240","msg":"已发送保活消息"}
{"level":"info","ts":"2024-11-12T19:18:12.150+0800","caller":"gb28181/service.go:240","msg":"已发送保活消息"}
{"level":"info","ts":"2024-11-12T19:18:42.150+0800","caller":"gb28181/service.go:240","msg":"已发送保活消息"}
{"level":"info","ts":"2024-11-12T19:19:12.152+0800","caller":"gb28181/service.go:240","msg":"已发送保活消息"}
{"level":"info","ts":"2024-11-12T19:19:42.152+0800","caller":"gb28181/service.go:240","msg":"已发送保活消息"}
{"level":"info","ts":"2024-11-12T19:20:12.151+0800","caller":"gb28181/service.go:240","msg":"已发送保活消息"}
{"level":"info","ts":"2024-11-12T19:20:42.153+0800","caller":"gb28181/service.go:240","msg":"已发送保活消息"}
{"level":"info","ts":"2024-11-12T19:21:12.151+0800","caller":"gb28181/service.go:240","msg":"已发送保活消息"}
{"level":"info","ts":"2024-11-12T19:21:42.153+0800","caller":"gb28181/service.go:240","msg":"已发送保活消息"}
{"level":"info","ts":"2024-11-12T19:22:12.153+0800","caller":"gb28181/service.go:240","msg":"已发送保活消息"}
{"level":"info","ts":"2024-11-12T19:22:42.154+0800","caller":"gb28181/service.go:240","msg":"已发送保活消息"}
{"level":"info","ts":"2024-11-12T19:23:12.153+0800","caller":"gb28181/service.go:240","msg":"已发送保活消息"}
{"level":"info","ts":"2024-11-12T19:23:42.153+0800","caller":"gb28181/service.go:240","msg":"已发送保活消息"}
{"level":"info","ts":"2024-11-12T19:24:12.154+0800","caller":"gb28181/service.go:240","msg":"已发送保活消息"}
{"level":"info","ts":"2024-11-12T19:24:42.154+0800","caller":"gb28181/service.go:240","msg":"已发送保活消息"}
{"level":"info","ts":"2024-11-12T19:25:12.154+0800","caller":"gb28181/service.go:240","msg":"已发送保活消息"}
{"level":"info","ts":"2024-11-12T19:25:42.155+0800","caller":"gb28181/service.go:240","msg":"已发送保活消息"}
{"level":"info","ts":"2024-11-12T19:26:12.155+0800","caller":"gb28181/service.go:240","msg":"已发送保活消息"}
{"level":"info","ts":"2024-11-12T19:26:42.144+0800","caller":"gb28181/service.go:240","msg":"已发送保活消息"}
{"level":"info","ts":"2024-11-12T19:27:12.142+0800","caller":"gb28181/service.go:240","msg":"已发送保活消息"}
{"level":"info","ts":"2024-11-12T19:27:42.141+0800","caller":"gb28181/service.go:240","msg":"已发送保活消息"}
{"level":"info","ts":"2024-11-12T19:28:12.141+0800","caller":"gb28181/service.go:240","msg":"已发送保活消息"}
{"level":"info","ts":"2024-11-12T19:28:42.142+0800","caller":"gb28181/service.go:240","msg":"已发送保活消息"}
{"level":"info","ts":"2024-11-12T19:29:12.141+0800","caller":"gb28181/service.go:240","msg":"已发送保活消息"}
{"level":"info","ts":"2024-11-12T19:29:42.142+0800","caller":"gb28181/service.go:240","msg":"已发送保活消息"}
{"level":"info","ts":"2024-11-12T19:30:12.143+0800","caller":"gb28181/service.go:240","msg":"已发送保活消息"}
{"level":"info","ts":"2024-11-12T19:30:42.142+0800","caller":"gb28181/service.go:240","msg":"已发送保活消息"}
{"level":"info","ts":"2024-11-12T19:31:12.142+0800","caller":"gb28181/service.go:240","msg":"已发送保活消息"}
{"level":"info","ts":"2024-11-12T19:31:42.142+0800","caller":"gb28181/service.go:240","msg":"已发送保活消息"}
{"level":"info","ts":"2024-11-12T19:32:12.142+0800","caller":"gb28181/service.go:240","msg":"已发送保活消息"}
{"level":"info","ts":"2024-11-12T19:32:42.143+0800","caller":"gb28181/service.go:240","msg":"已发送保活消息"}
{"level":"info","ts":"2024-11-12T19:33:12.143+0800","caller":"gb28181/service.go:240","msg":"已发送保活消息"}
{"level":"info","ts":"2024-11-12T19:33:42.144+0800","caller":"gb28181/service.go:240","msg":"已发送保活消息"}
{"level":"info","ts":"2024-11-12T19:34:12.144+0800","caller":"gb28181/service.go:240","msg":"已发送保活消息"}
{"level":"info","ts":"2024-11-12T19:34:42.143+0800","caller":"gb28181/service.go:240","msg":"已发送保活消息"}
{"level":"info","ts":"2024-11-12T19:35:12.143+0800","caller":"gb28181/service.go:240","msg":"已发送保活消息"}
{"level":"info","ts":"2024-11-12T19:35:42.144+0800","caller":"gb28181/service.go:240","msg":"已发送保活消息"}
{"level":"info","ts":"2024-11-12T19:36:12.145+0800","caller":"gb28181/service.go:240","msg":"已发送保活消息"}
{"level":"info","ts":"2024-11-12T19:36:42.145+0800","caller":"gb28181/service.go:240","msg":"已发送保活消息"}
{"level":"info","ts":"2024-11-12T19:37:12.147+0800","caller":"gb28181/service.go:240","msg":"已发送保活消息"}
{"level":"info","ts":"2024-11-12T19:37:42.146+0800","caller":"gb28181/service.go:240","msg":"已发送保活消息"}
{"level":"info","ts":"2024-11-12T19:38:12.145+0800","caller":"gb28181/service.go:240","msg":"已发送保活消息"}
{"level":"info","ts":"2024-11-12T19:38:42.145+0800","caller":"gb28181/service.go:240","msg":"已发送保活消息"}
{"level":"info","ts":"2024-11-12T19:39:12.144+0800","caller":"gb28181/service.go:240","msg":"已发送保活消息"}
{"level":"info","ts":"2024-11-12T19:39:42.145+0800","caller":"gb28181/service.go:240","msg":"已发送保活消息"}
{"level":"info","ts":"2024-11-12T19:40:12.145+0800","caller":"gb28181/service.go:240","msg":"已发送保活消息"}
{"level":"info","ts":"2024-11-12T19:40:42.146+0800","caller":"gb28181/service.go:240","msg":"已发送保活消息"}
{"level":"info","ts":"2024-11-12T19:41:12.147+0800","caller":"gb28181/service.go:240","msg":"已发送保活消息"}
{"level":"info","ts":"2024-11-12T19:41:42.141+0800","caller":"gb28181/service.go:240","msg":"已发送保活消息"}
{"level":"info","ts":"2024-11-12T19:42:12.136+0800","caller":"gb28181/service.go:240","msg":"已发送保活消息"}
{"level":"info","ts":"2024-11-12T19:42:42.137+0800","caller":"gb28181/service.go:240","msg":"已发送保活消息"}
{"level":"info","ts":"2024-11-12T19:43:12.135+0800","caller":"gb28181/service.go:240","msg":"已发送保活消息"}
{"level":"info","ts":"2024-11-12T19:43:42.138+0800","caller":"gb28181/service.go:240","msg":"已发送保活消息"}
{"level":"info","ts":"2024-11-12T19:44:12.136+0800","caller":"gb28181/service.go:240","msg":"已发送保活消息"}
{"level":"info","ts":"2024-11-12T19:44:42.138+0800","caller":"gb28181/service.go:240","msg":"已发送保活消息"}
{"level":"info","ts":"2024-11-12T19:45:12.138+0800","caller":"gb28181/service.go:240","msg":"已发送保活消息"}
{"level":"info","ts":"2024-11-12T19:45:42.137+0800","caller":"gb28181/service.go:240","msg":"已发送保活消息"}
{"level":"info","ts":"2024-11-12T19:46:12.138+0800","caller":"gb28181/service.go:240","msg":"已发送保活消息"}
{"level":"info","ts":"2024-11-12T19:46:42.138+0800","caller":"gb28181/service.go:240","msg":"已发送保活消息"}
{"level":"info","ts":"2024-11-12T19:47:12.138+0800","caller":"gb28181/service.go:240","msg":"已发送保活消息"}
{"level":"info","ts":"2024-11-12T19:47:42.138+0800","caller":"gb28181/service.go:240","msg":"已发送保活消息"}
{"level":"info","ts":"2024-11-12T19:48:12.137+0800","caller":"gb28181/service.go:240","msg":"已发送保活消息"}
{"level":"info","ts":"2024-11-12T19:48:42.139+0800","caller":"gb28181/service.go:240","msg":"已发送保活消息"}
{"level":"info","ts":"2024-11-12T19:49:12.139+0800","caller":"gb28181/service.go:240","msg":"已发送保活消息"}
{"level":"info","ts":"2024-11-12T19:49:42.139+0800","caller":"gb28181/service.go:240","msg":"已发送保活消息"}
{"level":"info","ts":"2024-11-12T19:50:12.139+0800","caller":"gb28181/service.go:240","msg":"已发送保活消息"}
{"level":"info","ts":"2024-11-12T19:50:42.139+0800","caller":"gb28181/service.go:240","msg":"已发送保活消息"}
{"level":"info","ts":"2024-11-12T19:51:12.140+0800","caller":"gb28181/service.go:240","msg":"已发送保活消息"}
{"level":"info","ts":"2024-11-12T19:51:42.138+0800","caller":"gb28181/service.go:240","msg":"已发送保活消息"}
{"level":"info","ts":"2024-11-12T19:52:12.139+0800","caller":"gb28181/service.go:240","msg":"已发送保活消息"}
{"level":"info","ts":"2024-11-12T19:52:42.138+0800","caller":"gb28181/service.go:240","msg":"已发送保活消息"}
{"level":"info","ts":"2024-11-12T19:53:12.139+0800","caller":"gb28181/service.go:240","msg":"已发送保活消息"}
{"level":"info","ts":"2024-11-12T19:53:42.138+0800","caller":"gb28181/service.go:240","msg":"已发送保活消息"}
{"level":"info","ts":"2024-11-12T19:54:12.138+0800","caller":"gb28181/service.go:240","msg":"已发送保活消息"}
{"level":"info","ts":"2024-11-12T19:54:42.139+0800","caller":"gb28181/service.go:240","msg":"已发送保活消息"}
{"level":"info","ts":"2024-11-12T19:55:12.138+0800","caller":"gb28181/service.go:240","msg":"已发送保活消息"}
{"level":"info","ts":"2024-11-12T19:55:42.139+0800","caller":"gb28181/service.go:240","msg":"已发送保活消息"}
{"level":"info","ts":"2024-11-12T19:56:12.139+0800","caller":"gb28181/service.go:240","msg":"已发送保活消息"}
{"level":"info","ts":"2024-11-12T19:56:42.133+0800","caller":"gb28181/service.go:240","msg":"已发送保活消息"}
{"level":"info","ts":"2024-11-12T19:57:12.127+0800","caller":"gb28181/service.go:240","msg":"已发送保活消息"}
{"level":"info","ts":"2024-11-12T19:57:42.126+0800","caller":"gb28181/service.go:240","msg":"已发送保活消息"}
{"level":"info","ts":"2024-11-12T19:58:12.128+0800","caller":"gb28181/service.go:240","msg":"已发送保活消息"}
{"level":"info","ts":"2024-11-12T19:58:42.126+0800","caller":"gb28181/service.go:240","msg":"已发送保活消息"}
{"level":"info","ts":"2024-11-12T19:59:12.126+0800","caller":"gb28181/service.go:240","msg":"已发送保活消息"}
{"level":"info","ts":"2024-11-12T19:59:42.126+0800","caller":"gb28181/service.go:240","msg":"已发送保活消息"}
{"level":"info","ts":"2024-11-12T20:00:12.126+0800","caller":"gb28181/service.go:240","msg":"已发送保活消息"}
{"level":"info","ts":"2024-11-12T20:00:42.127+0800","caller":"gb28181/service.go:240","msg":"已发送保活消息"}
{"level":"info","ts":"2024-11-12T20:01:12.126+0800","caller":"gb28181/service.go:240","msg":"已发送保活消息"}
{"level":"info","ts":"2024-11-12T20:01:42.127+0800","caller":"gb28181/service.go:240","msg":"已发送保活消息"}
{"level":"info","ts":"2024-11-12T20:02:12.127+0800","caller":"gb28181/service.go:240","msg":"已发送保活消息"}
{"level":"info","ts":"2024-11-12T20:02:42.127+0800","caller":"gb28181/service.go:240","msg":"已发送保活消息"}
{"level":"info","ts":"2024-11-12T20:03:12.126+0800","caller":"gb28181/service.go:240","msg":"已发送保活消息"}
{"level":"info","ts":"2024-11-12T20:03:42.128+0800","caller":"gb28181/service.go:240","msg":"已发送保活消息"}
{"level":"info","ts":"2024-11-12T20:04:12.128+0800","caller":"gb28181/service.go:240","msg":"已发送保活消息"}
{"level":"info","ts":"2024-11-12T20:04:42.126+0800","caller":"gb28181/service.go:240","msg":"已发送保活消息"}
{"level":"info","ts":"2024-11-12T20:05:12.129+0800","caller":"gb28181/service.go:240","msg":"已发送保活消息"}
